<?xml version="1.0" encoding="UTF-8"?>
<!-- Generated by org.testng.reporters.JUnitReportReporter -->
<testsuite hostname="DESKTOP-4BPBE6F" failures="0" tests="1" name="RA_tests.Req_Delete" time="4.738" errors="0" timestamp="2023-04-09T23:28:46 IST" skipped="0">
  <testcase classname="RA_tests.Req_Delete" name="TC003_delete" time="4.738"/>
  <system-out/>
</testsuite> <!-- RA_tests.Req_Delete -->
