<?xml version="1.0" encoding="UTF-8"?>
<!-- Generated by org.testng.reporters.JUnitReportReporter -->
<testsuite hostname="LAPTOP-LFUAAODH" failures="0" tests="1" name="RA_tests.Req_Post1" time="15.094" errors="0" timestamp="2023-04-09T17:47:18 IST" skipped="0">
  <testcase classname="RA_tests.Req_Post1" name="testPost" time="15.094"/>
  <system-out/>
</testsuite> <!-- RA_tests.Req_Post1 -->
