<?xml version="1.0" encoding="UTF-8"?>
<!-- Generated by org.testng.reporters.JUnitReportReporter -->
<testsuite hostname="LAPTOP-LFUAAODH" failures="0" tests="2" name="RA_tests.Req_GET" time="3.207" errors="0" timestamp="2023-04-08T18:36:26 IST" skipped="0">
  <testcase classname="RA_tests.Req_GET" name="getProducts" time="2.864"/>
  <system-out/>
  <testcase classname="RA_tests.Req_GET" name="testGET" time="0.343"/>
  <system-out/>
</testsuite> <!-- RA_tests.Req_GET -->
