<?xml version="1.0" encoding="UTF-8"?>
<!-- Generated by org.testng.reporters.JUnitReportReporter -->
<testsuite hostname="LAPTOP-LFUAAODH" failures="0" tests="2" name="RA_tests.Req_Post" time="9.656" errors="0" timestamp="2023-04-09T18:33:14 IST" skipped="0">
  <testcase classname="RA_tests.Req_Post" name="TC001_Post" time="6.999"/>
  <system-out/>
  <testcase classname="RA_tests.Req_Post" name="TC002_Post" time="2.657"/>
  <system-out/>
</testsuite> <!-- RA_tests.Req_Post -->
