<?xml version="1.0" encoding="UTF-8"?>
<!-- Generated by org.testng.reporters.JUnitReportReporter -->
<testsuite hostname="LAPTOP-LFUAAODH" failures="0" tests="1" name="RA_tests.Req_PUT" time="2.487" errors="0" timestamp="2023-04-09T17:41:11 IST" skipped="0">
  <testcase classname="RA_tests.Req_PUT" name="testPUT" time="2.487"/>
  <system-out/>
</testsuite> <!-- RA_tests.Req_PUT -->
